# JRE version: Java(TM) SE Runtime Environment (8.0-b132) (build 1.8.0-b132)
# Java VM: Java HotSpot(TM) 64-Bit Server VM (25.0-b70 mixed mode windows-amd64 compressed oops)
Heap:
 PSYoungGen      total 45056K, used 32553K [0x00000000eab00000, 0x00000000ef080000, 0x0000000100000000)
  eden space 20480K, 86% used [0x00000000eab00000,0x00000000ebc60fa8,0x00000000ebf00000)
  from space 24576K, 60% used [0x00000000ebf00000,0x00000000ecd69488,0x00000000ed700000)
  to   space 24064K, 0% used [0x00000000ed900000,0x00000000ed900000,0x00000000ef080000)
 ParOldGen       total 35840K, used 27858K [0x00000000c0000000, 0x00000000c2300000, 0x00000000eab00000)
  object space 35840K, 77% used [0x00000000c0000000,0x00000000c1b34820,0x00000000c2300000)
 Metaspace       used 44230K, capacity 45182K, committed 45184K, reserved 1087488K
  class space    used 6259K, capacity 6528K, committed 6528K, reserved 1048576K
GC Heap History (10 events):
Event: 23.643 GC heap before
{Heap before GC invocations=80 (full 5):
 PSYoungGen      total 40448K, used 31055K [0x00000000eab00000, 0x00000000eec80000, 0x0000000100000000)
  eden space 16896K, 100% used [0x00000000eab00000,0x00000000ebb80000,0x00000000ebb80000)
  from space 23552K, 60% used [0x00000000ed380000,0x00000000ee153d00,0x00000000eea80000)
  to   space 24576K, 0% used [0x00000000ebb80000,0x00000000ebb80000,0x00000000ed380000)
 ParOldGen       total 35840K, used 25246K [0x00000000c0000000, 0x00000000c2300000, 0x00000000eab00000)
  object space 35840K, 70% used [0x00000000c0000000,0x00000000c18a79b0,0x00000000c2300000)
 Metaspace       used 42793K, capacity 43760K, committed 44032K, reserved 1087488K
  class space    used 6044K, capacity 6323K, committed 6400K, reserved 1048576K
Event: 23.654 GC heap after
Heap after GC invocations=80 (full 5):
 PSYoungGen      total 41472K, used 14046K [0x00000000eab00000, 0x00000000eed00000, 0x0000000100000000)
  eden space 16896K, 0% used [0x00000000eab00000,0x00000000eab00000,0x00000000ebb80000)
  from space 24576K, 57% used [0x00000000ebb80000,0x00000000ec937a28,0x00000000ed380000)
  to   space 24576K, 0% used [0x00000000ed500000,0x00000000ed500000,0x00000000eed00000)
 ParOldGen       total 35840K, used 25826K [0x00000000c0000000, 0x00000000c2300000, 0x00000000eab00000)
  object space 35840K, 72% used [0x00000000c0000000,0x00000000c19389e8,0x00000000c2300000)
 Metaspace       used 42793K, capacity 43760K, committed 44032K, reserved 1087488K
  class space    used 6044K, capacity 6323K, committed 6400K, reserved 1048576K
}
Event: 23.886 GC heap before
{Heap before GC invocations=81 (full 5):
 PSYoungGen      total 41472K, used 30942K [0x00000000eab00000, 0x00000000eed00000, 0x0000000100000000)
  eden space 16896K, 100% used [0x00000000eab00000,0x00000000ebb80000,0x00000000ebb80000)
  from space 24576K, 57% used [0x00000000ebb80000,0x00000000ec937a28,0x00000000ed380000)
  to   space 24576K, 0% used [0x00000000ed500000,0x00000000ed500000,0x00000000eed00000)
 ParOldGen       total 35840K, used 25826K [0x00000000c0000000, 0x00000000c2300000, 0x00000000eab00000)
  object space 35840K, 72% used [0x00000000c0000000,0x00000000c19389e8,0x00000000c2300000)
 Metaspace       used 43690K, capacity 44616K, committed 44928K, reserved 1087488K
  class space    used 6172K, capacity 6455K, committed 6528K, reserved 1048576K
Event: 23.896 GC heap after
Heap after GC invocations=81 (full 5):
 PSYoungGen      total 43008K, used 14628K [0x00000000eab00000, 0x00000000eed00000, 0x0000000100000000)
  eden space 18432K, 0% used [0x00000000eab00000,0x00000000eab00000,0x00000000ebd00000)
  from space 24576K, 59% used [0x00000000ed500000,0x00000000ee349098,0x00000000eed00000)
  to   space 24576K, 0% used [0x00000000ebd00000,0x00000000ebd00000,0x00000000ed500000)
 ParOldGen       total 35840K, used 26267K [0x00000000c0000000, 0x00000000c2300000, 0x00000000eab00000)
  object space 35840K, 73% used [0x00000000c0000000,0x00000000c19a6c10,0x00000000c2300000)
 Metaspace       used 43690K, capacity 44616K, committed 44928K, reserved 1087488K
  class space    used 6172K, capacity 6455K, committed 6528K, reserved 1048576K
}
Event: 24.013 GC heap before
{Heap before GC invocations=82 (full 5):
 PSYoungGen      total 43008K, used 33060K [0x00000000eab00000, 0x00000000eed00000, 0x0000000100000000)
  eden space 18432K, 100% used [0x00000000eab00000,0x00000000ebd00000,0x00000000ebd00000)
  from space 24576K, 59% used [0x00000000ed500000,0x00000000ee349098,0x00000000eed00000)
  to   space 24576K, 0% used [0x00000000ebd00000,0x00000000ebd00000,0x00000000ed500000)
 ParOldGen       total 35840K, used 26267K [0x00000000c0000000, 0x00000000c2300000, 0x00000000eab00000)
  object space 35840K, 73% used [0x00000000c0000000,0x00000000c19a6c10,0x00000000c2300000)
 Metaspace       used 43694K, capacity 44616K, committed 44928K, reserved 1087488K
  class space    used 6172K, capacity 6455K, committed 6528K, reserved 1048576K
Event: 24.022 GC heap after
Heap after GC invocations=82 (full 5):
 PSYoungGen      total 43008K, used 15045K [0x00000000eab00000, 0x00000000eef00000, 0x0000000100000000)
  eden space 18432K, 0% used [0x00000000eab00000,0x00000000eab00000,0x00000000ebd00000)
  from space 24576K, 61% used [0x00000000ebd00000,0x00000000ecbb1778,0x00000000ed500000)
  to   space 24576K, 0% used [0x00000000ed700000,0x00000000ed700000,0x00000000eef00000)
 ParOldGen       total 35840K, used 26681K [0x00000000c0000000, 0x00000000c2300000, 0x00000000eab00000)
  object space 35840K, 74% used [0x00000000c0000000,0x00000000c1a0e530,0x00000000c2300000)
 Metaspace       used 43694K, capacity 44616K, committed 44928K, reserved 1087488K
  class space    used 6172K, capacity 6455K, committed 6528K, reserved 1048576K
}
Event: 24.159 GC heap before
{Heap before GC invocations=83 (full 5):
 PSYoungGen      total 43008K, used 33477K [0x00000000eab00000, 0x00000000eef00000, 0x0000000100000000)
  eden space 18432K, 100% used [0x00000000eab00000,0x00000000ebd00000,0x00000000ebd00000)
  from space 24576K, 61% used [0x00000000ebd00000,0x00000000ecbb1778,0x00000000ed500000)
  to   space 24576K, 0% used [0x00000000ed700000,0x00000000ed700000,0x00000000eef00000)
 ParOldGen       total 35840K, used 26681K [0x00000000c0000000, 0x00000000c2300000, 0x00000000eab00000)
  object space 35840K, 74% used [0x00000000c0000000,0x00000000c1a0e530,0x00000000c2300000)
 Metaspace       used 43750K, capacity 44756K, committed 44928K, reserved 1087488K
  class space    used 6179K, capacity 6457K, committed 6528K, reserved 1048576K
Event: 24.179 GC heap after
Heap after GC invocations=83 (full 5):
 PSYoungGen      total 45056K, used 14848K [0x00000000eab00000, 0x00000000eef80000, 0x0000000100000000)
  eden space 20480K, 0% used [0x00000000eab00000,0x00000000eab00000,0x00000000ebf00000)
  from space 24576K, 60% used [0x00000000ed700000,0x00000000ee580280,0x00000000eef00000)
  to   space 24576K, 0% used [0x00000000ebf00000,0x00000000ebf00000,0x00000000ed700000)
 ParOldGen       total 35840K, used 27095K [0x00000000c0000000, 0x00000000c2300000, 0x00000000eab00000)
  object space 35840K, 75% used [0x00000000c0000000,0x00000000c1a75c10,0x00000000c2300000)
 Metaspace       used 43750K, capacity 44756K, committed 44928K, reserved 1087488K
  class space    used 6179K, capacity 6457K, committed 6528K, reserved 1048576K
}
Event: 24.382 GC heap before
{Heap before GC invocations=84 (full 5):
 PSYoungGen      total 45056K, used 35328K [0x00000000eab00000, 0x00000000eef80000, 0x0000000100000000)
  eden space 20480K, 100% used [0x00000000eab00000,0x00000000ebf00000,0x00000000ebf00000)
  from space 24576K, 60% used [0x00000000ed700000,0x00000000ee580280,0x00000000eef00000)
  to   space 24576K, 0% used [0x00000000ebf00000,0x00000000ebf00000,0x00000000ed700000)
 ParOldGen       total 35840K, used 27095K [0x00000000c0000000, 0x00000000c2300000, 0x00000000eab00000)
  object space 35840K, 75% used [0x00000000c0000000,0x00000000c1a75c10,0x00000000c2300000)
 Metaspace       used 43846K, capacity 44894K, committed 44928K, reserved 1087488K
  class space    used 6193K, capacity 6496K, committed 6528K, reserved 1048576K
Event: 24.393 GC heap after
Heap after GC invocations=84 (full 5):
 PSYoungGen      total 45056K, used 14757K [0x00000000eab00000, 0x00000000ef080000, 0x0000000100000000)
  eden space 20480K, 0% used [0x00000000eab00000,0x00000000eab00000,0x00000000ebf00000)
  from space 24576K, 60% used [0x00000000ebf00000,0x00000000ecd69488,0x00000000ed700000)
  to   space 24064K, 0% used [0x00000000ed900000,0x00000000ed900000,0x00000000ef080000)
 ParOldGen       total 35840K, used 27858K [0x00000000c0000000, 0x00000000c2300000, 0x00000000eab00000)
  object space 35840K, 77% used [0x00000000c0000000,0x00000000c1b34820,0x00000000c2300000)
 Metaspace       used 43846K, capacity 44894K, committed 44928K, reserved 1087488K
  class space    used 6193K, capacity 6496K, committed 6528K, reserved 1048576K
}

