# JRE version: Java(TM) SE Runtime Environment (8.0-b132) (build 1.8.0-b132)
# Java VM: Java HotSpot(TM) 64-Bit Server VM (25.0-b70 mixed mode windows-amd64 compressed oops)
Heap:
 PSYoungGen      total 118784K, used 76556K [0x00000000eab00000, 0x00000000f4000000, 0x0000000100000000)
  eden space 85504K, 67% used [0x00000000eab00000,0x00000000ee3b48d8,0x00000000efe80000)
  from space 33280K, 55% used [0x00000000f1f00000,0x00000000f310eac8,0x00000000f3f80000)
  to   space 33280K, 0% used [0x00000000efe80000,0x00000000efe80000,0x00000000f1f00000)
 ParOldGen       total 65024K, used 40761K [0x00000000c0000000, 0x00000000c3f80000, 0x00000000eab00000)
  object space 65024K, 62% used [0x00000000c0000000,0x00000000c27ce4f0,0x00000000c3f80000)
 Metaspace       used 55382K, capacity 56916K, committed 57088K, reserved 1097728K
  class space    used 7468K, capacity 7855K, committed 7936K, reserved 1048576K
GC Heap History (10 events):
Event: 154.224 GC heap before
{Heap before GC invocations=49 (full 7):
 PSYoungGen      total 108032K, used 98755K [0x00000000eab00000, 0x00000000f3780000, 0x0000000100000000)
  eden space 79360K, 100% used [0x00000000eab00000,0x00000000ef880000,0x00000000ef880000)
  from space 28672K, 67% used [0x00000000ef880000,0x00000000f0b70ee8,0x00000000f1480000)
  to   space 30208K, 0% used [0x00000000f1a00000,0x00000000f1a00000,0x00000000f3780000)
 ParOldGen       total 65024K, used 40721K [0x00000000c0000000, 0x00000000c3f80000, 0x00000000eab00000)
  object space 65024K, 62% used [0x00000000c0000000,0x00000000c27c44f0,0x00000000c3f80000)
 Metaspace       used 48527K, capacity 49868K, committed 50176K, reserved 1091584K
  class space    used 6694K, capacity 7045K, committed 7168K, reserved 1048576K
Event: 154.228 GC heap after
Heap after GC invocations=49 (full 7):
 PSYoungGen      total 110592K, used 7177K [0x00000000eab00000, 0x00000000f3500000, 0x0000000100000000)
  eden space 82944K, 0% used [0x00000000eab00000,0x00000000eab00000,0x00000000efc00000)
  from space 27648K, 25% used [0x00000000f1a00000,0x00000000f21024a0,0x00000000f3500000)
  to   space 29184K, 0% used [0x00000000efc00000,0x00000000efc00000,0x00000000f1880000)
 ParOldGen       total 65024K, used 40729K [0x00000000c0000000, 0x00000000c3f80000, 0x00000000eab00000)
  object space 65024K, 62% used [0x00000000c0000000,0x00000000c27c64f0,0x00000000c3f80000)
 Metaspace       used 48527K, capacity 49868K, committed 50176K, reserved 1091584K
  class space    used 6694K, capacity 7045K, committed 7168K, reserved 1048576K
}
Event: 167.662 GC heap before
{Heap before GC invocations=50 (full 7):
 PSYoungGen      total 110592K, used 90121K [0x00000000eab00000, 0x00000000f3500000, 0x0000000100000000)
  eden space 82944K, 100% used [0x00000000eab00000,0x00000000efc00000,0x00000000efc00000)
  from space 27648K, 25% used [0x00000000f1a00000,0x00000000f21024a0,0x00000000f3500000)
  to   space 29184K, 0% used [0x00000000efc00000,0x00000000efc00000,0x00000000f1880000)
 ParOldGen       total 65024K, used 40729K [0x00000000c0000000, 0x00000000c3f80000, 0x00000000eab00000)
  object space 65024K, 62% used [0x00000000c0000000,0x00000000c27c64f0,0x00000000c3f80000)
 Metaspace       used 52805K, capacity 54246K, committed 54528K, reserved 1095680K
  class space    used 7244K, capacity 7614K, committed 7680K, reserved 1048576K
Event: 167.672 GC heap after
Heap after GC invocations=50 (full 7):
 PSYoungGen      total 112128K, used 20103K [0x00000000eab00000, 0x00000000f3b00000, 0x0000000100000000)
  eden space 82944K, 0% used [0x00000000eab00000,0x00000000eab00000,0x00000000efc00000)
  from space 29184K, 68% used [0x00000000efc00000,0x00000000f0fa1c40,0x00000000f1880000)
  to   space 30720K, 0% used [0x00000000f1d00000,0x00000000f1d00000,0x00000000f3b00000)
 ParOldGen       total 65024K, used 40737K [0x00000000c0000000, 0x00000000c3f80000, 0x00000000eab00000)
  object space 65024K, 62% used [0x00000000c0000000,0x00000000c27c84f0,0x00000000c3f80000)
 Metaspace       used 52805K, capacity 54246K, committed 54528K, reserved 1095680K
  class space    used 7244K, capacity 7614K, committed 7680K, reserved 1048576K
}
Event: 169.927 GC heap before
{Heap before GC invocations=51 (full 7):
 PSYoungGen      total 112128K, used 103047K [0x00000000eab00000, 0x00000000f3b00000, 0x0000000100000000)
  eden space 82944K, 100% used [0x00000000eab00000,0x00000000efc00000,0x00000000efc00000)
  from space 29184K, 68% used [0x00000000efc00000,0x00000000f0fa1c40,0x00000000f1880000)
  to   space 30720K, 0% used [0x00000000f1d00000,0x00000000f1d00000,0x00000000f3b00000)
 ParOldGen       total 65024K, used 40737K [0x00000000c0000000, 0x00000000c3f80000, 0x00000000eab00000)
  object space 65024K, 62% used [0x00000000c0000000,0x00000000c27c84f0,0x00000000c3f80000)
 Metaspace       used 54428K, capacity 55910K, committed 56192K, reserved 1097728K
  class space    used 7350K, capacity 7742K, committed 7808K, reserved 1048576K
Event: 169.948 GC heap after
Heap after GC invocations=51 (full 7):
 PSYoungGen      total 113152K, used 26665K [0x00000000eab00000, 0x00000000f4280000, 0x0000000100000000)
  eden space 82432K, 0% used [0x00000000eab00000,0x00000000eab00000,0x00000000efb80000)
  from space 30720K, 86% used [0x00000000f1d00000,0x00000000f370a598,0x00000000f3b00000)
  to   space 34304K, 0% used [0x00000000efb80000,0x00000000efb80000,0x00000000f1d00000)
 ParOldGen       total 65024K, used 40745K [0x00000000c0000000, 0x00000000c3f80000, 0x00000000eab00000)
  object space 65024K, 62% used [0x00000000c0000000,0x00000000c27ca4f0,0x00000000c3f80000)
 Metaspace       used 54428K, capacity 55910K, committed 56192K, reserved 1097728K
  class space    used 7350K, capacity 7742K, committed 7808K, reserved 1048576K
}
Event: 173.768 GC heap before
{Heap before GC invocations=52 (full 7):
 PSYoungGen      total 113152K, used 109097K [0x00000000eab00000, 0x00000000f4280000, 0x0000000100000000)
  eden space 82432K, 100% used [0x00000000eab00000,0x00000000efb80000,0x00000000efb80000)
  from space 30720K, 86% used [0x00000000f1d00000,0x00000000f370a598,0x00000000f3b00000)
  to   space 34304K, 0% used [0x00000000efb80000,0x00000000efb80000,0x00000000f1d00000)
 ParOldGen       total 65024K, used 40745K [0x00000000c0000000, 0x00000000c3f80000, 0x00000000eab00000)
  object space 65024K, 62% used [0x00000000c0000000,0x00000000c27ca4f0,0x00000000c3f80000)
 Metaspace       used 55001K, capacity 56474K, committed 56832K, reserved 1097728K
  class space    used 7428K, capacity 7815K, committed 7936K, reserved 1048576K
Event: 173.778 GC heap after
Heap after GC invocations=52 (full 7):
 PSYoungGen      total 116736K, used 17129K [0x00000000eab00000, 0x00000000f3f80000, 0x0000000100000000)
  eden space 82432K, 0% used [0x00000000eab00000,0x00000000eab00000,0x00000000efb80000)
  from space 34304K, 49% used [0x00000000efb80000,0x00000000f0c3a760,0x00000000f1d00000)
  to   space 33280K, 0% used [0x00000000f1f00000,0x00000000f1f00000,0x00000000f3f80000)
 ParOldGen       total 65024K, used 40753K [0x00000000c0000000, 0x00000000c3f80000, 0x00000000eab00000)
  object space 65024K, 62% used [0x00000000c0000000,0x00000000c27cc4f0,0x00000000c3f80000)
 Metaspace       used 55001K, capacity 56474K, committed 56832K, reserved 1097728K
  class space    used 7428K, capacity 7815K, committed 7936K, reserved 1048576K
}
Event: 174.941 GC heap before
{Heap before GC invocations=53 (full 7):
 PSYoungGen      total 116736K, used 99561K [0x00000000eab00000, 0x00000000f3f80000, 0x0000000100000000)
  eden space 82432K, 100% used [0x00000000eab00000,0x00000000efb80000,0x00000000efb80000)
  from space 34304K, 49% used [0x00000000efb80000,0x00000000f0c3a760,0x00000000f1d00000)
  to   space 33280K, 0% used [0x00000000f1f00000,0x00000000f1f00000,0x00000000f3f80000)
 ParOldGen       total 65024K, used 40753K [0x00000000c0000000, 0x00000000c3f80000, 0x00000000eab00000)
  object space 65024K, 62% used [0x00000000c0000000,0x00000000c27cc4f0,0x00000000c3f80000)
 Metaspace       used 55176K, capacity 56680K, committed 56832K, reserved 1097728K
  class space    used 7435K, capacity 7821K, committed 7936K, reserved 1048576K
Event: 174.949 GC heap after
Heap after GC invocations=53 (full 7):
 PSYoungGen      total 118784K, used 18490K [0x00000000eab00000, 0x00000000f4000000, 0x0000000100000000)
  eden space 85504K, 0% used [0x00000000eab00000,0x00000000eab00000,0x00000000efe80000)
  from space 33280K, 55% used [0x00000000f1f00000,0x00000000f310eac8,0x00000000f3f80000)
  to   space 33280K, 0% used [0x00000000efe80000,0x00000000efe80000,0x00000000f1f00000)
 ParOldGen       total 65024K, used 40761K [0x00000000c0000000, 0x00000000c3f80000, 0x00000000eab00000)
  object space 65024K, 62% used [0x00000000c0000000,0x00000000c27ce4f0,0x00000000c3f80000)
 Metaspace       used 55176K, capacity 56680K, committed 56832K, reserved 1097728K
  class space    used 7435K, capacity 7821K, committed 7936K, reserved 1048576K
}

