# JRE version: Java(TM) SE Runtime Environment (8.0-b132) (build 1.8.0-b132)
# Java VM: Java HotSpot(TM) 64-Bit Server VM (25.0-b70 mixed mode windows-amd64 compressed oops)
Heap:
 PSYoungGen      total 36352K, used 35898K [0x00000000eab00000, 0x00000000edc00000, 0x0000000100000000)
  eden space 27136K, 100% used [0x00000000eab00000,0x00000000ec580000,0x00000000ec580000)
  from space 9216K, 95% used [0x00000000ed000000,0x00000000ed88eb48,0x00000000ed900000)
  to   space 10752K, 0% used [0x00000000ec580000,0x00000000ec580000,0x00000000ed000000)
 ParOldGen       total 129536K, used 25271K [0x00000000c0000000, 0x00000000c7e80000, 0x00000000eab00000)
  object space 129536K, 19% used [0x00000000c0000000,0x00000000c18adcc8,0x00000000c7e80000)
 Metaspace       used 5814K, capacity 6872K, committed 7168K, reserved 1056768K
  class space    used 614K, capacity 656K, committed 768K, reserved 1048576K
GC Heap History (10 events):
Event: 0.725 GC heap before
{Heap before GC invocations=10 (full 0):
 PSYoungGen      total 10240K, used 10228K [0x00000000eab00000, 0x00000000ebe80000, 0x0000000100000000)
  eden space 7168K, 100% used [0x00000000eab00000,0x00000000eb200000,0x00000000eb200000)
  from space 3072K, 99% used [0x00000000eb200000,0x00000000eb4fd368,0x00000000eb500000)
  to   space 4096K, 0% used [0x00000000eba80000,0x00000000eba80000,0x00000000ebe80000)
 ParOldGen       total 129536K, used 4972K [0x00000000c0000000, 0x00000000c7e80000, 0x00000000eab00000)
  object space 129536K, 3% used [0x00000000c0000000,0x00000000c04db1c8,0x00000000c7e80000)
 Metaspace       used 5536K, capacity 6640K, committed 6784K, reserved 1056768K
  class space    used 583K, capacity 616K, committed 640K, reserved 1048576K
Event: 0.736 GC heap after
Heap after GC invocations=10 (full 0):
 PSYoungGen      total 15360K, used 3491K [0x00000000eab00000, 0x00000000ebf80000, 0x0000000100000000)
  eden space 11264K, 0% used [0x00000000eab00000,0x00000000eab00000,0x00000000eb600000)
  from space 4096K, 85% used [0x00000000eba80000,0x00000000ebde8eb8,0x00000000ebe80000)
  to   space 4608K, 0% used [0x00000000eb600000,0x00000000eb600000,0x00000000eba80000)
 ParOldGen       total 129536K, used 6732K [0x00000000c0000000, 0x00000000c7e80000, 0x00000000eab00000)
  object space 129536K, 5% used [0x00000000c0000000,0x00000000c0693208,0x00000000c7e80000)
 Metaspace       used 5536K, capacity 6640K, committed 6784K, reserved 1056768K
  class space    used 583K, capacity 616K, committed 640K, reserved 1048576K
}
Event: 1.266 GC heap before
{Heap before GC invocations=11 (full 0):
 PSYoungGen      total 15360K, used 14755K [0x00000000eab00000, 0x00000000ebf80000, 0x0000000100000000)
  eden space 11264K, 100% used [0x00000000eab00000,0x00000000eb600000,0x00000000eb600000)
  from space 4096K, 85% used [0x00000000eba80000,0x00000000ebde8eb8,0x00000000ebe80000)
  to   space 4608K, 0% used [0x00000000eb600000,0x00000000eb600000,0x00000000eba80000)
 ParOldGen       total 129536K, used 6732K [0x00000000c0000000, 0x00000000c7e80000, 0x00000000eab00000)
  object space 129536K, 5% used [0x00000000c0000000,0x00000000c0693208,0x00000000c7e80000)
 Metaspace       used 5623K, capacity 6768K, committed 7040K, reserved 1056768K
  class space    used 590K, capacity 616K, committed 640K, reserved 1048576K
Event: 1.270 GC heap after
Heap after GC invocations=11 (full 0):
 PSYoungGen      total 15872K, used 3865K [0x00000000eab00000, 0x00000000ec700000, 0x0000000100000000)
  eden space 11264K, 0% used [0x00000000eab00000,0x00000000eab00000,0x00000000eb600000)
  from space 4608K, 83% used [0x00000000eb600000,0x00000000eb9c65b0,0x00000000eba80000)
  to   space 5120K, 0% used [0x00000000ec200000,0x00000000ec200000,0x00000000ec700000)
 ParOldGen       total 129536K, used 8625K [0x00000000c0000000, 0x00000000c7e80000, 0x00000000eab00000)
  object space 129536K, 6% used [0x00000000c0000000,0x00000000c086c520,0x00000000c7e80000)
 Metaspace       used 5623K, capacity 6768K, committed 7040K, reserved 1056768K
  class space    used 590K, capacity 616K, committed 640K, reserved 1048576K
}
Event: 1.409 GC heap before
{Heap before GC invocations=12 (full 0):
 PSYoungGen      total 15872K, used 15129K [0x00000000eab00000, 0x00000000ec700000, 0x0000000100000000)
  eden space 11264K, 100% used [0x00000000eab00000,0x00000000eb600000,0x00000000eb600000)
  from space 4608K, 83% used [0x00000000eb600000,0x00000000eb9c65b0,0x00000000eba80000)
  to   space 5120K, 0% used [0x00000000ec200000,0x00000000ec200000,0x00000000ec700000)
 ParOldGen       total 129536K, used 8625K [0x00000000c0000000, 0x00000000c7e80000, 0x00000000eab00000)
  object space 129536K, 6% used [0x00000000c0000000,0x00000000c086c520,0x00000000c7e80000)
 Metaspace       used 5659K, capacity 6768K, committed 7040K, reserved 1056768K
  class space    used 590K, capacity 616K, committed 640K, reserved 1048576K
Event: 1.425 GC heap after
Heap after GC invocations=12 (full 0):
 PSYoungGen      total 23040K, used 4101K [0x00000000eab00000, 0x00000000ec800000, 0x0000000100000000)
  eden space 17920K, 0% used [0x00000000eab00000,0x00000000eab00000,0x00000000ebc80000)
  from space 5120K, 80% used [0x00000000ec200000,0x00000000ec601660,0x00000000ec700000)
  to   space 5632K, 0% used [0x00000000ebc80000,0x00000000ebc80000,0x00000000ec200000)
 ParOldGen       total 129536K, used 12254K [0x00000000c0000000, 0x00000000c7e80000, 0x00000000eab00000)
  object space 129536K, 9% used [0x00000000c0000000,0x00000000c0bf7928,0x00000000c7e80000)
 Metaspace       used 5659K, capacity 6768K, committed 7040K, reserved 1056768K
  class space    used 590K, capacity 616K, committed 640K, reserved 1048576K
}
Event: 1.491 GC heap before
{Heap before GC invocations=13 (full 0):
 PSYoungGen      total 23040K, used 22021K [0x00000000eab00000, 0x00000000ec800000, 0x0000000100000000)
  eden space 17920K, 100% used [0x00000000eab00000,0x00000000ebc80000,0x00000000ebc80000)
  from space 5120K, 80% used [0x00000000ec200000,0x00000000ec601660,0x00000000ec700000)
  to   space 5632K, 0% used [0x00000000ebc80000,0x00000000ebc80000,0x00000000ec200000)
 ParOldGen       total 129536K, used 12254K [0x00000000c0000000, 0x00000000c7e80000, 0x00000000eab00000)
  object space 129536K, 9% used [0x00000000c0000000,0x00000000c0bf7928,0x00000000c7e80000)
 Metaspace       used 5661K, capacity 6768K, committed 7040K, reserved 1056768K
  class space    used 590K, capacity 616K, committed 640K, reserved 1048576K
Event: 1.514 GC heap after
Heap after GC invocations=13 (full 0):
 PSYoungGen      total 23552K, used 5607K [0x00000000eab00000, 0x00000000ed900000, 0x0000000100000000)
  eden space 17920K, 0% used [0x00000000eab00000,0x00000000eab00000,0x00000000ebc80000)
  from space 5632K, 99% used [0x00000000ebc80000,0x00000000ec1f9f38,0x00000000ec200000)
  to   space 9216K, 0% used [0x00000000ed000000,0x00000000ed000000,0x00000000ed900000)
 ParOldGen       total 129536K, used 19486K [0x00000000c0000000, 0x00000000c7e80000, 0x00000000eab00000)
  object space 129536K, 15% used [0x00000000c0000000,0x00000000c1307a08,0x00000000c7e80000)
 Metaspace       used 5661K, capacity 6768K, committed 7040K, reserved 1056768K
  class space    used 590K, capacity 616K, committed 640K, reserved 1048576K
}
Event: 1.799 GC heap before
{Heap before GC invocations=14 (full 0):
 PSYoungGen      total 23552K, used 23527K [0x00000000eab00000, 0x00000000ed900000, 0x0000000100000000)
  eden space 17920K, 100% used [0x00000000eab00000,0x00000000ebc80000,0x00000000ebc80000)
  from space 5632K, 99% used [0x00000000ebc80000,0x00000000ec1f9f38,0x00000000ec200000)
  to   space 9216K, 0% used [0x00000000ed000000,0x00000000ed000000,0x00000000ed900000)
 ParOldGen       total 129536K, used 19486K [0x00000000c0000000, 0x00000000c7e80000, 0x00000000eab00000)
  object space 129536K, 15% used [0x00000000c0000000,0x00000000c1307a08,0x00000000c7e80000)
 Metaspace       used 5776K, capacity 6808K, committed 7168K, reserved 1056768K
  class space    used 614K, capacity 656K, committed 768K, reserved 1048576K
Event: 1.830 GC heap after
Heap after GC invocations=14 (full 0):
 PSYoungGen      total 36352K, used 8762K [0x00000000eab00000, 0x00000000edc00000, 0x0000000100000000)
  eden space 27136K, 0% used [0x00000000eab00000,0x00000000eab00000,0x00000000ec580000)
  from space 9216K, 95% used [0x00000000ed000000,0x00000000ed88eb48,0x00000000ed900000)
  to   space 10752K, 0% used [0x00000000ec580000,0x00000000ec580000,0x00000000ed000000)
 ParOldGen       total 129536K, used 25271K [0x00000000c0000000, 0x00000000c7e80000, 0x00000000eab00000)
  object space 129536K, 19% used [0x00000000c0000000,0x00000000c18adcc8,0x00000000c7e80000)
 Metaspace       used 5776K, capacity 6808K, committed 7168K, reserved 1056768K
  class space    used 614K, capacity 656K, committed 768K, reserved 1048576K
}

