# JRE version: Java(TM) SE Runtime Environment (8.0-b132) (build 1.8.0-b132)
# Java VM: Java HotSpot(TM) 64-Bit Server VM (25.0-b70 mixed mode windows-amd64 compressed oops)
Heap:
 PSYoungGen      total 61440K, used 32213K [0x00000000eab00000, 0x00000000ef080000, 0x0000000100000000)
  eden space 53248K, 49% used [0x00000000eab00000,0x00000000ec4dd530,0x00000000edf00000)
  from space 8192K, 69% used [0x00000000ee780000,0x00000000eed18000,0x00000000eef80000)
  to   space 8704K, 0% used [0x00000000edf00000,0x00000000edf00000,0x00000000ee780000)
 ParOldGen       total 129536K, used 25236K [0x00000000c0000000, 0x00000000c7e80000, 0x00000000eab00000)
  object space 129536K, 19% used [0x00000000c0000000,0x00000000c18a50a8,0x00000000c7e80000)
 Metaspace       used 6278K, capacity 7192K, committed 7424K, reserved 1056768K
  class space    used 625K, capacity 656K, committed 768K, reserved 1048576K
GC Heap History (10 events):
Event: 0.819 GC heap before
{Heap before GC invocations=16 (full 0):
 PSYoungGen      total 20480K, used 20448K [0x00000000eab00000, 0x00000000ece80000, 0x0000000100000000)
  eden space 17408K, 100% used [0x00000000eab00000,0x00000000ebc00000,0x00000000ebc00000)
  from space 3072K, 98% used [0x00000000ebc00000,0x00000000ebef8010,0x00000000ebf00000)
  to   space 4096K, 0% used [0x00000000eca80000,0x00000000eca80000,0x00000000ece80000)
 ParOldGen       total 129536K, used 9279K [0x00000000c0000000, 0x00000000c7e80000, 0x00000000eab00000)
  object space 129536K, 7% used [0x00000000c0000000,0x00000000c090fdb8,0x00000000c7e80000)
 Metaspace       used 5823K, capacity 6896K, committed 7040K, reserved 1056768K
  class space    used 588K, capacity 616K, committed 640K, reserved 1048576K
Event: 0.825 GC heap after
Heap after GC invocations=16 (full 0):
 PSYoungGen      total 31744K, used 3418K [0x00000000eab00000, 0x00000000ecf80000, 0x0000000100000000)
  eden space 27648K, 0% used [0x00000000eab00000,0x00000000eab00000,0x00000000ec600000)
  from space 4096K, 83% used [0x00000000eca80000,0x00000000ecdd6bf0,0x00000000ece80000)
  to   space 4608K, 0% used [0x00000000ec600000,0x00000000ec600000,0x00000000eca80000)
 ParOldGen       total 129536K, used 11263K [0x00000000c0000000, 0x00000000c7e80000, 0x00000000eab00000)
  object space 129536K, 8% used [0x00000000c0000000,0x00000000c0affdc8,0x00000000c7e80000)
 Metaspace       used 5823K, capacity 6896K, committed 7040K, reserved 1056768K
  class space    used 588K, capacity 616K, committed 640K, reserved 1048576K
}
Event: 0.898 GC heap before
{Heap before GC invocations=17 (full 0):
 PSYoungGen      total 31744K, used 31066K [0x00000000eab00000, 0x00000000ecf80000, 0x0000000100000000)
  eden space 27648K, 100% used [0x00000000eab00000,0x00000000ec600000,0x00000000ec600000)
  from space 4096K, 83% used [0x00000000eca80000,0x00000000ecdd6bf0,0x00000000ece80000)
  to   space 4608K, 0% used [0x00000000ec600000,0x00000000ec600000,0x00000000eca80000)
 ParOldGen       total 129536K, used 11263K [0x00000000c0000000, 0x00000000c7e80000, 0x00000000eab00000)
  object space 129536K, 8% used [0x00000000c0000000,0x00000000c0affdc8,0x00000000c7e80000)
 Metaspace       used 5954K, capacity 6936K, committed 7168K, reserved 1056768K
  class space    used 608K, capacity 656K, committed 768K, reserved 1048576K
Event: 0.910 GC heap after
Heap after GC invocations=17 (full 0):
 PSYoungGen      total 32256K, used 4528K [0x00000000eab00000, 0x00000000edb00000, 0x0000000100000000)
  eden space 27648K, 0% used [0x00000000eab00000,0x00000000eab00000,0x00000000ec600000)
  from space 4608K, 98% used [0x00000000ec600000,0x00000000eca6c010,0x00000000eca80000)
  to   space 5120K, 0% used [0x00000000ed600000,0x00000000ed600000,0x00000000edb00000)
 ParOldGen       total 129536K, used 13707K [0x00000000c0000000, 0x00000000c7e80000, 0x00000000eab00000)
  object space 129536K, 10% used [0x00000000c0000000,0x00000000c0d62e28,0x00000000c7e80000)
 Metaspace       used 5954K, capacity 6936K, committed 7168K, reserved 1056768K
  class space    used 608K, capacity 656K, committed 768K, reserved 1048576K
}
Event: 0.987 GC heap before
{Heap before GC invocations=18 (full 0):
 PSYoungGen      total 32256K, used 32176K [0x00000000eab00000, 0x00000000edb00000, 0x0000000100000000)
  eden space 27648K, 100% used [0x00000000eab00000,0x00000000ec600000,0x00000000ec600000)
  from space 4608K, 98% used [0x00000000ec600000,0x00000000eca6c010,0x00000000eca80000)
  to   space 5120K, 0% used [0x00000000ed600000,0x00000000ed600000,0x00000000edb00000)
 ParOldGen       total 129536K, used 13707K [0x00000000c0000000, 0x00000000c7e80000, 0x00000000eab00000)
  object space 129536K, 10% used [0x00000000c0000000,0x00000000c0d62e28,0x00000000c7e80000)
 Metaspace       used 5979K, capacity 6936K, committed 7168K, reserved 1056768K
  class space    used 608K, capacity 656K, committed 768K, reserved 1048576K
Event: 1.009 GC heap after
Heap after GC invocations=18 (full 0):
 PSYoungGen      total 43520K, used 4000K [0x00000000eab00000, 0x00000000edc00000, 0x0000000100000000)
  eden space 38400K, 0% used [0x00000000eab00000,0x00000000eab00000,0x00000000ed080000)
  from space 5120K, 78% used [0x00000000ed600000,0x00000000ed9e8010,0x00000000edb00000)
  to   space 5632K, 0% used [0x00000000ed080000,0x00000000ed080000,0x00000000ed600000)
 ParOldGen       total 129536K, used 17589K [0x00000000c0000000, 0x00000000c7e80000, 0x00000000eab00000)
  object space 129536K, 13% used [0x00000000c0000000,0x00000000c112d478,0x00000000c7e80000)
 Metaspace       used 5979K, capacity 6936K, committed 7168K, reserved 1056768K
  class space    used 608K, capacity 656K, committed 768K, reserved 1048576K
}
Event: 1.100 GC heap before
{Heap before GC invocations=19 (full 0):
 PSYoungGen      total 43520K, used 42400K [0x00000000eab00000, 0x00000000edc00000, 0x0000000100000000)
  eden space 38400K, 100% used [0x00000000eab00000,0x00000000ed080000,0x00000000ed080000)
  from space 5120K, 78% used [0x00000000ed600000,0x00000000ed9e8010,0x00000000edb00000)
  to   space 5632K, 0% used [0x00000000ed080000,0x00000000ed080000,0x00000000ed600000)
 ParOldGen       total 129536K, used 17589K [0x00000000c0000000, 0x00000000c7e80000, 0x00000000eab00000)
  object space 129536K, 13% used [0x00000000c0000000,0x00000000c112d478,0x00000000c7e80000)
 Metaspace       used 6000K, capacity 7000K, committed 7168K, reserved 1056768K
  class space    used 608K, capacity 656K, committed 768K, reserved 1048576K
Event: 1.109 GC heap after
Heap after GC invocations=19 (full 0):
 PSYoungGen      total 44032K, used 5632K [0x00000000eab00000, 0x00000000eef80000, 0x0000000100000000)
  eden space 38400K, 0% used [0x00000000eab00000,0x00000000eab00000,0x00000000ed080000)
  from space 5632K, 100% used [0x00000000ed080000,0x00000000ed600000,0x00000000ed600000)
  to   space 8192K, 0% used [0x00000000ee780000,0x00000000ee780000,0x00000000eef80000)
 ParOldGen       total 129536K, used 21058K [0x00000000c0000000, 0x00000000c7e80000, 0x00000000eab00000)
  object space 129536K, 16% used [0x00000000c0000000,0x00000000c1490b68,0x00000000c7e80000)
 Metaspace       used 6000K, capacity 7000K, committed 7168K, reserved 1056768K
  class space    used 608K, capacity 656K, committed 768K, reserved 1048576K
}
Event: 1.226 GC heap before
{Heap before GC invocations=20 (full 0):
 PSYoungGen      total 44032K, used 44032K [0x00000000eab00000, 0x00000000eef80000, 0x0000000100000000)
  eden space 38400K, 100% used [0x00000000eab00000,0x00000000ed080000,0x00000000ed080000)
  from space 5632K, 100% used [0x00000000ed080000,0x00000000ed600000,0x00000000ed600000)
  to   space 8192K, 0% used [0x00000000ee780000,0x00000000ee780000,0x00000000eef80000)
 ParOldGen       total 129536K, used 21058K [0x00000000c0000000, 0x00000000c7e80000, 0x00000000eab00000)
  object space 129536K, 16% used [0x00000000c0000000,0x00000000c1490b68,0x00000000c7e80000)
 Metaspace       used 6017K, capacity 7000K, committed 7168K, reserved 1056768K
  class space    used 608K, capacity 656K, committed 768K, reserved 1048576K
Event: 1.237 GC heap after
Heap after GC invocations=20 (full 0):
 PSYoungGen      total 61440K, used 5728K [0x00000000eab00000, 0x00000000ef080000, 0x0000000100000000)
  eden space 53248K, 0% used [0x00000000eab00000,0x00000000eab00000,0x00000000edf00000)
  from space 8192K, 69% used [0x00000000ee780000,0x00000000eed18000,0x00000000eef80000)
  to   space 8704K, 0% used [0x00000000edf00000,0x00000000edf00000,0x00000000ee780000)
 ParOldGen       total 129536K, used 25236K [0x00000000c0000000, 0x00000000c7e80000, 0x00000000eab00000)
  object space 129536K, 19% used [0x00000000c0000000,0x00000000c18a50a8,0x00000000c7e80000)
 Metaspace       used 6017K, capacity 7000K, committed 7168K, reserved 1056768K
  class space    used 608K, capacity 656K, committed 768K, reserved 1048576K
}

