# JRE version: Java(TM) SE Runtime Environment (8.0-b132) (build 1.8.0-b132)
# Java VM: Java HotSpot(TM) 64-Bit Server VM (25.0-b70 mixed mode windows-amd64 compressed oops)
Heap:
 PSYoungGen      total 56832K, used 16903K [0x00000000eab00000, 0x00000000eee80000, 0x0000000100000000)
  eden space 45568K, 18% used [0x00000000eab00000,0x00000000eb358a70,0x00000000ed780000)
  from space 11264K, 74% used [0x00000000ed780000,0x00000000edfa93e0,0x00000000ee280000)
  to   space 10240K, 0% used [0x00000000ee280000,0x00000000ee280000,0x00000000eec80000)
 ParOldGen       total 129536K, used 29913K [0x00000000c0000000, 0x00000000c7e80000, 0x00000000eab00000)
  object space 129536K, 23% used [0x00000000c0000000,0x00000000c1d36518,0x00000000c7e80000)
 Metaspace       used 6280K, capacity 7128K, committed 7424K, reserved 1056768K
  class space    used 641K, capacity 656K, committed 768K, reserved 1048576K
GC Heap History (10 events):
Event: 1.134 GC heap before
{Heap before GC invocations=16 (full 0):
 PSYoungGen      total 19968K, used 19937K [0x00000000eab00000, 0x00000000ecf00000, 0x0000000100000000)
  eden space 15872K, 100% used [0x00000000eab00000,0x00000000eba80000,0x00000000eba80000)
  from space 4096K, 99% used [0x00000000eba80000,0x00000000ebe785b0,0x00000000ebe80000)
  to   space 5632K, 0% used [0x00000000ec980000,0x00000000ec980000,0x00000000ecf00000)
 ParOldGen       total 129536K, used 11305K [0x00000000c0000000, 0x00000000c7e80000, 0x00000000eab00000)
  object space 129536K, 8% used [0x00000000c0000000,0x00000000c0b0a770,0x00000000c7e80000)
 Metaspace       used 5666K, capacity 6768K, committed 7040K, reserved 1056768K
  class space    used 585K, capacity 616K, committed 640K, reserved 1048576K
Event: 1.163 GC heap after
Heap after GC invocations=16 (full 0):
 PSYoungGen      total 29696K, used 5628K [0x00000000eab00000, 0x00000000ed200000, 0x0000000100000000)
  eden space 24064K, 0% used [0x00000000eab00000,0x00000000eab00000,0x00000000ec280000)
  from space 5632K, 99% used [0x00000000ec980000,0x00000000eceff0f8,0x00000000ecf00000)
  to   space 7168K, 0% used [0x00000000ec280000,0x00000000ec280000,0x00000000ec980000)
 ParOldGen       total 129536K, used 13671K [0x00000000c0000000, 0x00000000c7e80000, 0x00000000eab00000)
  object space 129536K, 10% used [0x00000000c0000000,0x00000000c0d59d28,0x00000000c7e80000)
 Metaspace       used 5666K, capacity 6768K, committed 7040K, reserved 1056768K
  class space    used 585K, capacity 616K, committed 640K, reserved 1048576K
}
Event: 1.288 GC heap before
{Heap before GC invocations=17 (full 0):
 PSYoungGen      total 29696K, used 29692K [0x00000000eab00000, 0x00000000ed200000, 0x0000000100000000)
  eden space 24064K, 100% used [0x00000000eab00000,0x00000000ec280000,0x00000000ec280000)
  from space 5632K, 99% used [0x00000000ec980000,0x00000000eceff0f8,0x00000000ecf00000)
  to   space 7168K, 0% used [0x00000000ec280000,0x00000000ec280000,0x00000000ec980000)
 ParOldGen       total 129536K, used 13671K [0x00000000c0000000, 0x00000000c7e80000, 0x00000000eab00000)
  object space 129536K, 10% used [0x00000000c0000000,0x00000000c0d59d28,0x00000000c7e80000)
 Metaspace       used 5689K, capacity 6832K, committed 7040K, reserved 1056768K
  class space    used 585K, capacity 616K, committed 640K, reserved 1048576K
Event: 1.354 GC heap after
Heap after GC invocations=17 (full 0):
 PSYoungGen      total 31232K, used 6322K [0x00000000eab00000, 0x00000000edc00000, 0x0000000100000000)
  eden space 24064K, 0% used [0x00000000eab00000,0x00000000eab00000,0x00000000ec280000)
  from space 7168K, 88% used [0x00000000ec280000,0x00000000ec8acb90,0x00000000ec980000)
  to   space 8192K, 0% used [0x00000000ed400000,0x00000000ed400000,0x00000000edc00000)
 ParOldGen       total 129536K, used 15913K [0x00000000c0000000, 0x00000000c7e80000, 0x00000000eab00000)
  object space 129536K, 12% used [0x00000000c0000000,0x00000000c0f8a7d8,0x00000000c7e80000)
 Metaspace       used 5689K, capacity 6832K, committed 7040K, reserved 1056768K
  class space    used 585K, capacity 616K, committed 640K, reserved 1048576K
}
Event: 1.474 GC heap before
{Heap before GC invocations=18 (full 0):
 PSYoungGen      total 31232K, used 30386K [0x00000000eab00000, 0x00000000edc00000, 0x0000000100000000)
  eden space 24064K, 100% used [0x00000000eab00000,0x00000000ec280000,0x00000000ec280000)
  from space 7168K, 88% used [0x00000000ec280000,0x00000000ec8acb90,0x00000000ec980000)
  to   space 8192K, 0% used [0x00000000ed400000,0x00000000ed400000,0x00000000edc00000)
 ParOldGen       total 129536K, used 15913K [0x00000000c0000000, 0x00000000c7e80000, 0x00000000eab00000)
  object space 129536K, 12% used [0x00000000c0000000,0x00000000c0f8a7d8,0x00000000c7e80000)
 Metaspace       used 5701K, capacity 6832K, committed 7040K, reserved 1056768K
  class space    used 585K, capacity 616K, committed 640K, reserved 1048576K
Event: 1.497 GC heap after
Heap after GC invocations=18 (full 0):
 PSYoungGen      total 41472K, used 5991K [0x00000000eab00000, 0x00000000edd00000, 0x0000000100000000)
  eden space 33280K, 0% used [0x00000000eab00000,0x00000000eab00000,0x00000000ecb80000)
  from space 8192K, 73% used [0x00000000ed400000,0x00000000ed9d9f10,0x00000000edc00000)
  to   space 8704K, 0% used [0x00000000ecb80000,0x00000000ecb80000,0x00000000ed400000)
 ParOldGen       total 129536K, used 19041K [0x00000000c0000000, 0x00000000c7e80000, 0x00000000eab00000)
  object space 129536K, 14% used [0x00000000c0000000,0x00000000c1298430,0x00000000c7e80000)
 Metaspace       used 5701K, capacity 6832K, committed 7040K, reserved 1056768K
  class space    used 585K, capacity 616K, committed 640K, reserved 1048576K
}
Event: 1.607 GC heap before
{Heap before GC invocations=19 (full 0):
 PSYoungGen      total 41472K, used 39271K [0x00000000eab00000, 0x00000000edd00000, 0x0000000100000000)
  eden space 33280K, 100% used [0x00000000eab00000,0x00000000ecb80000,0x00000000ecb80000)
  from space 8192K, 73% used [0x00000000ed400000,0x00000000ed9d9f10,0x00000000edc00000)
  to   space 8704K, 0% used [0x00000000ecb80000,0x00000000ecb80000,0x00000000ed400000)
 ParOldGen       total 129536K, used 19041K [0x00000000c0000000, 0x00000000c7e80000, 0x00000000eab00000)
  object space 129536K, 14% used [0x00000000c0000000,0x00000000c1298430,0x00000000c7e80000)
 Metaspace       used 5753K, capacity 6832K, committed 7040K, reserved 1056768K
  class space    used 585K, capacity 616K, committed 640K, reserved 1048576K
Event: 1.630 GC heap after
Heap after GC invocations=19 (full 0):
 PSYoungGen      total 41984K, used 8217K [0x00000000eab00000, 0x00000000eec80000, 0x0000000100000000)
  eden space 33280K, 0% used [0x00000000eab00000,0x00000000eab00000,0x00000000ecb80000)
  from space 8704K, 94% used [0x00000000ecb80000,0x00000000ed3865a8,0x00000000ed400000)
  to   space 10240K, 0% used [0x00000000ee280000,0x00000000ee280000,0x00000000eec80000)
 ParOldGen       total 129536K, used 22388K [0x00000000c0000000, 0x00000000c7e80000, 0x00000000eab00000)
  object space 129536K, 17% used [0x00000000c0000000,0x00000000c15dd308,0x00000000c7e80000)
 Metaspace       used 5753K, capacity 6832K, committed 7040K, reserved 1056768K
  class space    used 585K, capacity 616K, committed 640K, reserved 1048576K
}
Event: 1.741 GC heap before
{Heap before GC invocations=20 (full 0):
 PSYoungGen      total 41984K, used 41497K [0x00000000eab00000, 0x00000000eec80000, 0x0000000100000000)
  eden space 33280K, 100% used [0x00000000eab00000,0x00000000ecb80000,0x00000000ecb80000)
  from space 8704K, 94% used [0x00000000ecb80000,0x00000000ed3865a8,0x00000000ed400000)
  to   space 10240K, 0% used [0x00000000ee280000,0x00000000ee280000,0x00000000eec80000)
 ParOldGen       total 129536K, used 22388K [0x00000000c0000000, 0x00000000c7e80000, 0x00000000eab00000)
  object space 129536K, 17% used [0x00000000c0000000,0x00000000c15dd308,0x00000000c7e80000)
 Metaspace       used 5763K, capacity 6896K, committed 7040K, reserved 1056768K
  class space    used 585K, capacity 616K, committed 640K, reserved 1048576K
Event: 1.778 GC heap after
Heap after GC invocations=20 (full 0):
 PSYoungGen      total 55808K, used 9143K [0x00000000eab00000, 0x00000000eee80000, 0x0000000100000000)
  eden space 45568K, 0% used [0x00000000eab00000,0x00000000eab00000,0x00000000ed780000)
  from space 10240K, 89% used [0x00000000ee280000,0x00000000eeb6def0,0x00000000eec80000)
  to   space 11264K, 0% used [0x00000000ed780000,0x00000000ed780000,0x00000000ee280000)
 ParOldGen       total 129536K, used 25515K [0x00000000c0000000, 0x00000000c7e80000, 0x00000000eab00000)
  object space 129536K, 19% used [0x00000000c0000000,0x00000000c18eae70,0x00000000c7e80000)
 Metaspace       used 5763K, capacity 6896K, committed 7040K, reserved 1056768K
  class space    used 585K, capacity 616K, committed 640K, reserved 1048576K
}

