# JRE version: Java(TM) SE Runtime Environment (8.0-b132) (build 1.8.0-b132)
# Java VM: Java HotSpot(TM) 64-Bit Server VM (25.0-b70 mixed mode windows-amd64 compressed oops)
Heap:
 PSYoungGen      total 107008K, used 28446K [0x00000000eab00000, 0x00000000f2580000, 0x0000000100000000)
  eden space 90112K, 19% used [0x00000000eab00000,0x00000000ebbfbfe0,0x00000000f0300000)
  from space 16896K, 65% used [0x00000000f1400000,0x00000000f1ecbbf8,0x00000000f2480000)
  to   space 17408K, 0% used [0x00000000f0300000,0x00000000f0300000,0x00000000f1400000)
 ParOldGen       total 129536K, used 49635K [0x00000000c0000000, 0x00000000c7e80000, 0x00000000eab00000)
  object space 129536K, 38% used [0x00000000c0000000,0x00000000c3078e00,0x00000000c7e80000)
 Metaspace       used 5889K, capacity 6960K, committed 7040K, reserved 1056768K
  class space    used 593K, capacity 616K, committed 640K, reserved 1048576K
GC Heap History (10 events):
Event: 1.672 GC heap before
{Heap before GC invocations=16 (full 0):
 PSYoungGen      total 38400K, used 35407K [0x00000000eab00000, 0x00000000eea80000, 0x0000000100000000)
  eden space 30208K, 100% used [0x00000000eab00000,0x00000000ec880000,0x00000000ec880000)
  from space 8192K, 63% used [0x00000000ec880000,0x00000000ecd93dd0,0x00000000ed080000)
  to   space 8192K, 0% used [0x00000000ee280000,0x00000000ee280000,0x00000000eea80000)
 ParOldGen       total 129536K, used 22681K [0x00000000c0000000, 0x00000000c7e80000, 0x00000000eab00000)
  object space 129536K, 17% used [0x00000000c0000000,0x00000000c16264e8,0x00000000c7e80000)
 Metaspace       used 5791K, capacity 6896K, committed 7040K, reserved 1056768K
  class space    used 590K, capacity 616K, committed 640K, reserved 1048576K
Event: 1.683 GC heap after
Heap after GC invocations=16 (full 0):
 PSYoungGen      total 55296K, used 7571K [0x00000000eab00000, 0x00000000eed80000, 0x0000000100000000)
  eden space 47104K, 0% used [0x00000000eab00000,0x00000000eab00000,0x00000000ed900000)
  from space 8192K, 92% used [0x00000000ee280000,0x00000000ee9e4fd8,0x00000000eea80000)
  to   space 9728K, 0% used [0x00000000ed900000,0x00000000ed900000,0x00000000ee280000)
 ParOldGen       total 129536K, used 26792K [0x00000000c0000000, 0x00000000c7e80000, 0x00000000eab00000)
  object space 129536K, 20% used [0x00000000c0000000,0x00000000c1a2a030,0x00000000c7e80000)
 Metaspace       used 5791K, capacity 6896K, committed 7040K, reserved 1056768K
  class space    used 590K, capacity 616K, committed 640K, reserved 1048576K
}
Event: 1.781 GC heap before
{Heap before GC invocations=17 (full 0):
 PSYoungGen      total 55296K, used 54675K [0x00000000eab00000, 0x00000000eed80000, 0x0000000100000000)
  eden space 47104K, 100% used [0x00000000eab00000,0x00000000ed900000,0x00000000ed900000)
  from space 8192K, 92% used [0x00000000ee280000,0x00000000ee9e4fd8,0x00000000eea80000)
  to   space 9728K, 0% used [0x00000000ed900000,0x00000000ed900000,0x00000000ee280000)
 ParOldGen       total 129536K, used 26792K [0x00000000c0000000, 0x00000000c7e80000, 0x00000000eab00000)
  object space 129536K, 20% used [0x00000000c0000000,0x00000000c1a2a030,0x00000000c7e80000)
 Metaspace       used 5800K, capacity 6896K, committed 7040K, reserved 1056768K
  class space    used 590K, capacity 616K, committed 640K, reserved 1048576K
Event: 1.803 GC heap after
Heap after GC invocations=17 (full 0):
 PSYoungGen      total 56832K, used 9399K [0x00000000eab00000, 0x00000000f0180000, 0x0000000100000000)
  eden space 47104K, 0% used [0x00000000eab00000,0x00000000eab00000,0x00000000ed900000)
  from space 9728K, 96% used [0x00000000ed900000,0x00000000ee22dc28,0x00000000ee280000)
  to   space 11264K, 0% used [0x00000000ef680000,0x00000000ef680000,0x00000000f0180000)
 ParOldGen       total 129536K, used 28814K [0x00000000c0000000, 0x00000000c7e80000, 0x00000000eab00000)
  object space 129536K, 22% used [0x00000000c0000000,0x00000000c1c23910,0x00000000c7e80000)
 Metaspace       used 5800K, capacity 6896K, committed 7040K, reserved 1056768K
  class space    used 590K, capacity 616K, committed 640K, reserved 1048576K
}
Event: 1.912 GC heap before
{Heap before GC invocations=18 (full 0):
 PSYoungGen      total 56832K, used 56503K [0x00000000eab00000, 0x00000000f0180000, 0x0000000100000000)
  eden space 47104K, 100% used [0x00000000eab00000,0x00000000ed900000,0x00000000ed900000)
  from space 9728K, 96% used [0x00000000ed900000,0x00000000ee22dc28,0x00000000ee280000)
  to   space 11264K, 0% used [0x00000000ef680000,0x00000000ef680000,0x00000000f0180000)
 ParOldGen       total 129536K, used 28814K [0x00000000c0000000, 0x00000000c7e80000, 0x00000000eab00000)
  object space 129536K, 22% used [0x00000000c0000000,0x00000000c1c23910,0x00000000c7e80000)
 Metaspace       used 5816K, capacity 6896K, committed 7040K, reserved 1056768K
  class space    used 590K, capacity 616K, committed 640K, reserved 1048576K
Event: 1.929 GC heap after
Heap after GC invocations=18 (full 0):
 PSYoungGen      total 75776K, used 10619K [0x00000000eab00000, 0x00000000f0480000, 0x0000000100000000)
  eden space 64512K, 0% used [0x00000000eab00000,0x00000000eab00000,0x00000000eea00000)
  from space 11264K, 94% used [0x00000000ef680000,0x00000000f00dec98,0x00000000f0180000)
  to   space 12800K, 0% used [0x00000000eea00000,0x00000000eea00000,0x00000000ef680000)
 ParOldGen       total 129536K, used 35900K [0x00000000c0000000, 0x00000000c7e80000, 0x00000000eab00000)
  object space 129536K, 27% used [0x00000000c0000000,0x00000000c230f3c8,0x00000000c7e80000)
 Metaspace       used 5816K, capacity 6896K, committed 7040K, reserved 1056768K
  class space    used 590K, capacity 616K, committed 640K, reserved 1048576K
}
Event: 2.107 GC heap before
{Heap before GC invocations=19 (full 0):
 PSYoungGen      total 75776K, used 75131K [0x00000000eab00000, 0x00000000f0480000, 0x0000000100000000)
  eden space 64512K, 100% used [0x00000000eab00000,0x00000000eea00000,0x00000000eea00000)
  from space 11264K, 94% used [0x00000000ef680000,0x00000000f00dec98,0x00000000f0180000)
  to   space 12800K, 0% used [0x00000000eea00000,0x00000000eea00000,0x00000000ef680000)
 ParOldGen       total 129536K, used 35900K [0x00000000c0000000, 0x00000000c7e80000, 0x00000000eab00000)
  object space 129536K, 27% used [0x00000000c0000000,0x00000000c230f3c8,0x00000000c7e80000)
 Metaspace       used 5849K, capacity 6896K, committed 7040K, reserved 1056768K
  class space    used 590K, capacity 616K, committed 640K, reserved 1048576K
Event: 2.128 GC heap after
Heap after GC invocations=19 (full 0):
 PSYoungGen      total 77312K, used 12785K [0x00000000eab00000, 0x00000000f2480000, 0x0000000100000000)
  eden space 64512K, 0% used [0x00000000eab00000,0x00000000eab00000,0x00000000eea00000)
  from space 12800K, 99% used [0x00000000eea00000,0x00000000ef67c4f8,0x00000000ef680000)
  to   space 16896K, 0% used [0x00000000f1400000,0x00000000f1400000,0x00000000f2480000)
 ParOldGen       total 129536K, used 41260K [0x00000000c0000000, 0x00000000c7e80000, 0x00000000eab00000)
  object space 129536K, 31% used [0x00000000c0000000,0x00000000c284b0f8,0x00000000c7e80000)
 Metaspace       used 5849K, capacity 6896K, committed 7040K, reserved 1056768K
  class space    used 590K, capacity 616K, committed 640K, reserved 1048576K
}
Event: 2.276 GC heap before
{Heap before GC invocations=20 (full 0):
 PSYoungGen      total 77312K, used 77297K [0x00000000eab00000, 0x00000000f2480000, 0x0000000100000000)
  eden space 64512K, 100% used [0x00000000eab00000,0x00000000eea00000,0x00000000eea00000)
  from space 12800K, 99% used [0x00000000eea00000,0x00000000ef67c4f8,0x00000000ef680000)
  to   space 16896K, 0% used [0x00000000f1400000,0x00000000f1400000,0x00000000f2480000)
 ParOldGen       total 129536K, used 41260K [0x00000000c0000000, 0x00000000c7e80000, 0x00000000eab00000)
  object space 129536K, 31% used [0x00000000c0000000,0x00000000c284b0f8,0x00000000c7e80000)
 Metaspace       used 5885K, capacity 6960K, committed 7040K, reserved 1056768K
  class space    used 593K, capacity 616K, committed 640K, reserved 1048576K
Event: 2.314 GC heap after
Heap after GC invocations=20 (full 0):
 PSYoungGen      total 107008K, used 11054K [0x00000000eab00000, 0x00000000f2580000, 0x0000000100000000)
  eden space 90112K, 0% used [0x00000000eab00000,0x00000000eab00000,0x00000000f0300000)
  from space 16896K, 65% used [0x00000000f1400000,0x00000000f1ecbbf8,0x00000000f2480000)
  to   space 17408K, 0% used [0x00000000f0300000,0x00000000f0300000,0x00000000f1400000)
 ParOldGen       total 129536K, used 49635K [0x00000000c0000000, 0x00000000c7e80000, 0x00000000eab00000)
  object space 129536K, 38% used [0x00000000c0000000,0x00000000c3078e00,0x00000000c7e80000)
 Metaspace       used 5885K, capacity 6960K, committed 7040K, reserved 1056768K
  class space    used 593K, capacity 616K, committed 640K, reserved 1048576K
}

