# JRE version: Java(TM) SE Runtime Environment (8.0-b132) (build 1.8.0-b132)
# Java VM: Java HotSpot(TM) 64-Bit Server VM (25.0-b70 mixed mode windows-amd64 compressed oops)
Heap:
 PSYoungGen      total 112128K, used 67335K [0x00000000eab00000, 0x00000000f5280000, 0x0000000100000000)
  eden space 96768K, 54% used [0x00000000eab00000,0x00000000ede7d4b8,0x00000000f0980000)
  from space 15360K, 95% used [0x00000000f0980000,0x00000000f17c4908,0x00000000f1880000)
  to   space 17920K, 0% used [0x00000000f4100000,0x00000000f4100000,0x00000000f5280000)
 ParOldGen       total 129536K, used 60629K [0x00000000c0000000, 0x00000000c7e80000, 0x00000000eab00000)
  object space 129536K, 46% used [0x00000000c0000000,0x00000000c3b355e8,0x00000000c7e80000)
 Metaspace       used 6402K, capacity 7288K, committed 7424K, reserved 1056768K
  class space    used 631K, capacity 688K, committed 768K, reserved 1048576K
GC Heap History (10 events):
Event: 2.562 GC heap before
{Heap before GC invocations=17 (full 0):
 PSYoungGen      total 57344K, used 55348K [0x00000000eab00000, 0x00000000eeb00000, 0x0000000100000000)
  eden space 50688K, 99% used [0x00000000eab00000,0x00000000edc4d388,0x00000000edc80000)
  from space 6656K, 73% used [0x00000000ee380000,0x00000000ee840000,0x00000000eea00000)
  to   space 7168K, 0% used [0x00000000edc80000,0x00000000edc80000,0x00000000ee380000)
 ParOldGen       total 129536K, used 19245K [0x00000000c0000000, 0x00000000c7e80000, 0x00000000eab00000)
  object space 129536K, 14% used [0x00000000c0000000,0x00000000c12cb608,0x00000000c7e80000)
 Metaspace       used 6007K, capacity 7024K, committed 7296K, reserved 1056768K
  class space    used 593K, capacity 616K, committed 640K, reserved 1048576K
Event: 2.572 GC heap after
Heap after GC invocations=17 (full 0):
 PSYoungGen      total 57856K, used 7136K [0x00000000eab00000, 0x00000000f0580000, 0x0000000100000000)
  eden space 50688K, 0% used [0x00000000eab00000,0x00000000eab00000,0x00000000edc80000)
  from space 7168K, 99% used [0x00000000edc80000,0x00000000ee378010,0x00000000ee380000)
  to   space 10752K, 0% used [0x00000000efb00000,0x00000000efb00000,0x00000000f0580000)
 ParOldGen       total 129536K, used 24916K [0x00000000c0000000, 0x00000000c7e80000, 0x00000000eab00000)
  object space 129536K, 19% used [0x00000000c0000000,0x00000000c1855168,0x00000000c7e80000)
 Metaspace       used 6007K, capacity 7024K, committed 7296K, reserved 1056768K
  class space    used 593K, capacity 616K, committed 640K, reserved 1048576K
}
Event: 2.708 GC heap before
{Heap before GC invocations=18 (full 0):
 PSYoungGen      total 57856K, used 57824K [0x00000000eab00000, 0x00000000f0580000, 0x0000000100000000)
  eden space 50688K, 100% used [0x00000000eab00000,0x00000000edc80000,0x00000000edc80000)
  from space 7168K, 99% used [0x00000000edc80000,0x00000000ee378010,0x00000000ee380000)
  to   space 10752K, 0% used [0x00000000efb00000,0x00000000efb00000,0x00000000f0580000)
 ParOldGen       total 129536K, used 24916K [0x00000000c0000000, 0x00000000c7e80000, 0x00000000eab00000)
  object space 129536K, 19% used [0x00000000c0000000,0x00000000c1855168,0x00000000c7e80000)
 Metaspace       used 6014K, capacity 7024K, committed 7296K, reserved 1056768K
  class space    used 593K, capacity 616K, committed 640K, reserved 1048576K
Event: 2.731 GC heap after
Heap after GC invocations=18 (full 0):
 PSYoungGen      total 80896K, used 8653K [0x00000000eab00000, 0x00000000f0780000, 0x0000000100000000)
  eden space 70144K, 0% used [0x00000000eab00000,0x00000000eab00000,0x00000000eef80000)
  from space 10752K, 80% used [0x00000000efb00000,0x00000000f0373770,0x00000000f0580000)
  to   space 11776K, 0% used [0x00000000eef80000,0x00000000eef80000,0x00000000efb00000)
 ParOldGen       total 129536K, used 31908K [0x00000000c0000000, 0x00000000c7e80000, 0x00000000eab00000)
  object space 129536K, 24% used [0x00000000c0000000,0x00000000c1f292b0,0x00000000c7e80000)
 Metaspace       used 6014K, capacity 7024K, committed 7296K, reserved 1056768K
  class space    used 593K, capacity 616K, committed 640K, reserved 1048576K
}
Event: 3.116 GC heap before
{Heap before GC invocations=19 (full 0):
 PSYoungGen      total 80896K, used 78797K [0x00000000eab00000, 0x00000000f0780000, 0x0000000100000000)
  eden space 70144K, 100% used [0x00000000eab00000,0x00000000eef80000,0x00000000eef80000)
  from space 10752K, 80% used [0x00000000efb00000,0x00000000f0373770,0x00000000f0580000)
  to   space 11776K, 0% used [0x00000000eef80000,0x00000000eef80000,0x00000000efb00000)
 ParOldGen       total 129536K, used 31908K [0x00000000c0000000, 0x00000000c7e80000, 0x00000000eab00000)
  object space 129536K, 24% used [0x00000000c0000000,0x00000000c1f292b0,0x00000000c7e80000)
 Metaspace       used 6129K, capacity 7064K, committed 7424K, reserved 1056768K
  class space    used 613K, capacity 656K, committed 768K, reserved 1048576K
Event: 3.146 GC heap after
Heap after GC invocations=19 (full 0):
 PSYoungGen      total 81920K, used 11040K [0x00000000eab00000, 0x00000000f2600000, 0x0000000100000000)
  eden space 70144K, 0% used [0x00000000eab00000,0x00000000eab00000,0x00000000eef80000)
  from space 11776K, 93% used [0x00000000eef80000,0x00000000efa48000,0x00000000efb00000)
  to   space 13824K, 0% used [0x00000000f1880000,0x00000000f1880000,0x00000000f2600000)
 ParOldGen       total 129536K, used 39946K [0x00000000c0000000, 0x00000000c7e80000, 0x00000000eab00000)
  object space 129536K, 30% used [0x00000000c0000000,0x00000000c2702a68,0x00000000c7e80000)
 Metaspace       used 6129K, capacity 7064K, committed 7424K, reserved 1056768K
  class space    used 613K, capacity 656K, committed 768K, reserved 1048576K
}
Event: 3.660 GC heap before
{Heap before GC invocations=20 (full 0):
 PSYoungGen      total 81920K, used 81184K [0x00000000eab00000, 0x00000000f2600000, 0x0000000100000000)
  eden space 70144K, 100% used [0x00000000eab00000,0x00000000eef80000,0x00000000eef80000)
  from space 11776K, 93% used [0x00000000eef80000,0x00000000efa48000,0x00000000efb00000)
  to   space 13824K, 0% used [0x00000000f1880000,0x00000000f1880000,0x00000000f2600000)
 ParOldGen       total 129536K, used 39946K [0x00000000c0000000, 0x00000000c7e80000, 0x00000000eab00000)
  object space 129536K, 30% used [0x00000000c0000000,0x00000000c2702a68,0x00000000c7e80000)
 Metaspace       used 6155K, capacity 7064K, committed 7424K, reserved 1056768K
  class space    used 613K, capacity 656K, committed 768K, reserved 1048576K
Event: 3.704 GC heap after
Heap after GC invocations=20 (full 0):
 PSYoungGen      total 110592K, used 11460K [0x00000000eab00000, 0x00000000f2900000, 0x0000000100000000)
  eden space 96768K, 0% used [0x00000000eab00000,0x00000000eab00000,0x00000000f0980000)
  from space 13824K, 82% used [0x00000000f1880000,0x00000000f23b1130,0x00000000f2600000)
  to   space 15360K, 0% used [0x00000000f0980000,0x00000000f0980000,0x00000000f1880000)
 ParOldGen       total 129536K, used 50452K [0x00000000c0000000, 0x00000000c7e80000, 0x00000000eab00000)
  object space 129536K, 38% used [0x00000000c0000000,0x00000000c3145300,0x00000000c7e80000)
 Metaspace       used 6155K, capacity 7064K, committed 7424K, reserved 1056768K
  class space    used 613K, capacity 656K, committed 768K, reserved 1048576K
}
Event: 4.054 GC heap before
{Heap before GC invocations=21 (full 0):
 PSYoungGen      total 110592K, used 108228K [0x00000000eab00000, 0x00000000f2900000, 0x0000000100000000)
  eden space 96768K, 100% used [0x00000000eab00000,0x00000000f0980000,0x00000000f0980000)
  from space 13824K, 82% used [0x00000000f1880000,0x00000000f23b1130,0x00000000f2600000)
  to   space 15360K, 0% used [0x00000000f0980000,0x00000000f0980000,0x00000000f1880000)
 ParOldGen       total 129536K, used 50452K [0x00000000c0000000, 0x00000000c7e80000, 0x00000000eab00000)
  object space 129536K, 38% used [0x00000000c0000000,0x00000000c3145300,0x00000000c7e80000)
 Metaspace       used 6158K, capacity 7064K, committed 7424K, reserved 1056768K
  class space    used 613K, capacity 656K, committed 768K, reserved 1048576K
Event: 4.076 GC heap after
Heap after GC invocations=21 (full 0):
 PSYoungGen      total 112128K, used 14610K [0x00000000eab00000, 0x00000000f5280000, 0x0000000100000000)
  eden space 96768K, 0% used [0x00000000eab00000,0x00000000eab00000,0x00000000f0980000)
  from space 15360K, 95% used [0x00000000f0980000,0x00000000f17c4908,0x00000000f1880000)
  to   space 17920K, 0% used [0x00000000f4100000,0x00000000f4100000,0x00000000f5280000)
 ParOldGen       total 129536K, used 60629K [0x00000000c0000000, 0x00000000c7e80000, 0x00000000eab00000)
  object space 129536K, 46% used [0x00000000c0000000,0x00000000c3b355e8,0x00000000c7e80000)
 Metaspace       used 6158K, capacity 7064K, committed 7424K, reserved 1056768K
  class space    used 613K, capacity 656K, committed 768K, reserved 1048576K
}

